This file contains any messages produced by compilers while
running configure, to aid debugging if configure makes a mistake.

It was created by configure, which was
generated by GNU Autoconf 2.69.  Invocation command line was

  $ ./configure 

## --------- ##
## Platform. ##
## --------- ##

hostname = flqu
uname -m = x86_64
uname -r = 5.14.0-1044-oem
uname -s = Linux
uname -v = #49-Ubuntu SMP Mon Jun 27 12:26:11 UTC 2022

/usr/bin/uname -p = x86_64
/bin/uname -X     = unknown

/bin/arch              = x86_64
/usr/bin/arch -k       = unknown
/usr/convex/getsysinfo = unknown
/usr/bin/hostinfo      = unknown
/bin/machine           = unknown
/usr/bin/oslevel       = unknown
/bin/universe          = unknown

PATH: /home/flq/.local/bin
PATH: /usr/local/sbin
PATH: /usr/local/bin
PATH: /usr/sbin
PATH: /usr/bin
PATH: /sbin
PATH: /bin
PATH: /usr/games
PATH: /usr/local/games
PATH: /snap/bin


## ----------- ##
## Core tests. ##
## ----------- ##

configure:2247: checking build system type
configure:2261: result: x86_64-unknown-linux-gnu
configure:2281: checking host system type
configure:2294: result: x86_64-unknown-linux-gnu
configure:2363: checking for gcc
configure:2379: found /usr/bin/gcc
configure:2390: result: gcc
configure:2619: checking for C compiler version
configure:2628: gcc --version >&5
gcc (Ubuntu 9.4.0-1ubuntu1~20.04.1) 9.4.0
Copyright (C) 2019 Free Software Foundation, Inc.
This is free software; see the source for copying conditions.  There is NO
warranty; not even for MERCHANTABILITY or FITNESS FOR A PARTICULAR PURPOSE.

configure:2639: $? = 0
configure:2628: gcc -v >&5
Using built-in specs.
COLLECT_GCC=gcc
COLLECT_LTO_WRAPPER=/usr/lib/gcc/x86_64-linux-gnu/9/lto-wrapper
OFFLOAD_TARGET_NAMES=nvptx-none:hsa
OFFLOAD_TARGET_DEFAULT=1
Target: x86_64-linux-gnu
Configured with: ../src/configure -v --with-pkgversion='Ubuntu 9.4.0-1ubuntu1~20.04.1' --with-bugurl=file:///usr/share/doc/gcc-9/README.Bugs --enable-languages=c,ada,c++,go,brig,d,fortran,objc,obj-c++,gm2 --prefix=/usr --with-gcc-major-version-only --program-suffix=-9 --program-prefix=x86_64-linux-gnu- --enable-shared --enable-linker-build-id --libexecdir=/usr/lib --without-included-gettext --enable-threads=posix --libdir=/usr/lib --enable-nls --enable-clocale=gnu --enable-libstdcxx-debug --enable-libstdcxx-time=yes --with-default-libstdcxx-abi=new --enable-gnu-unique-object --disable-vtable-verify --enable-plugin --enable-default-pie --with-system-zlib --with-target-system-zlib=auto --enable-objc-gc=auto --enable-multiarch --disable-werror --with-arch-32=i686 --with-abi=m64 --with-multilib-list=m32,m64,mx32 --enable-multilib --with-tune=generic --enable-offload-targets=nvptx-none=/build/gcc-9-Av3uEd/gcc-9-9.4.0/debian/tmp-nvptx/usr,hsa --without-cuda-driver --enable-checking=release --build=x86_64-linux-gnu --host=x86_64-linux-gnu --target=x86_64-linux-gnu
Thread model: posix
gcc version 9.4.0 (Ubuntu 9.4.0-1ubuntu1~20.04.1) 
configure:2639: $? = 0
configure:2628: gcc -V >&5
gcc: error: unrecognized command line option '-V'
gcc: fatal error: no input files
compilation terminated.
configure:2639: $? = 1
configure:2628: gcc -qversion >&5
gcc: error: unrecognized command line option '-qversion'; did you mean '--version'?
gcc: fatal error: no input files
compilation terminated.
configure:2639: $? = 1
configure:2659: checking whether the C compiler works
configure:2681: gcc    conftest.c  >&5
configure:2685: $? = 0
configure:2733: result: yes
configure:2736: checking for C compiler default output file name
configure:2738: result: a.out
configure:2744: checking for suffix of executables
configure:2751: gcc -o conftest    conftest.c  >&5
configure:2755: $? = 0
configure:2777: result: 
configure:2799: checking whether we are cross compiling
configure:2807: gcc -o conftest    conftest.c  >&5
configure:2811: $? = 0
configure:2818: ./conftest
configure:2822: $? = 0
configure:2810: result: no
configure:2815: checking for suffix of object files
configure:2837: gcc -c   conftest.c >&5
configure:2841: $? = 0
configure:2862: result: o
configure:2866: checking whether we are using the GNU C compiler
configure:2885: gcc -c   conftest.c >&5
configure:2885: $? = 0
configure:2894: result: yes
configure:2903: checking whether gcc accepts -g
configure:2923: gcc -c -g  conftest.c >&5
configure:2923: $? = 0
configure:2964: result: yes
configure:2981: checking for gcc option to accept ISO C89
configure:3044: gcc  -c -g -O2  conftest.c >&5
configure:3044: $? = 0
configure:3057: result: none needed
configure:3123: checking how to print strings
configure:3150: result: printf
configure:3171: checking for a sed that does not truncate output
configure:3235: result: /usr/bin/sed
configure:3253: checking for grep that handles long lines and -e
configure:3311: result: /usr/bin/grep
configure:3316: checking for egrep
configure:3378: result: /usr/bin/grep -E
configure:3383: checking for fgrep
configure:3445: result: /usr/bin/grep -F
configure:3480: checking for ld used by gcc
configure:3547: result: /usr/bin/ld
configure:3554: checking if the linker (/usr/bin/ld) is GNU ld
configure:3569: result: yes
configure:3581: checking for BSD- or MS-compatible name lister (nm)
configure:3635: result: /usr/bin/nm -B
configure:3765: checking the name lister (/usr/bin/nm -B) interface
configure:3772: gcc -c -g -O2  conftest.c >&5
configure:3775: /usr/bin/nm -B "conftest.o"
configure:3778: output
0000000000000000 B some_variable
configure:3779: result: BSD nm
configure:3782: checking whether ln -s works
configure:3786: result: yes
configure:3794: checking the maximum length of command line arguments
configure:3925: result: 1572864
configure:3973: checking how to convert x86_64-unknown-linux-gnu file names to x86_64-unknown-linux-gnu format
configure:4013: result: func_convert_file_noop
configure:4020: checking how to convert x86_64-unknown-linux-gnu file names to toolchain format
configure:4040: result: func_convert_file_noop
configure:4047: checking for /usr/bin/ld option to reload object files
configure:4054: result: -r
configure:4128: checking for objdump
configure:4144: found /usr/bin/objdump
configure:4155: result: objdump
configure:4187: checking how to recognize dependent libraries
configure:4387: result: pass_all
configure:4472: checking for dlltool
configure:4502: result: no
configure:4532: checking how to associate runtime and link libraries
configure:4559: result: printf %s\n
configure:4620: checking for ar
configure:4636: found /usr/bin/ar
configure:4647: result: ar
configure:4684: checking for archiver @FILE support
configure:4701: gcc -c -g -O2  conftest.c >&5
configure:4701: $? = 0
configure:4704: ar cru libconftest.a @conftest.lst >&5
ar: `u' modifier ignored since `D' is the default (see `U')
configure:4707: $? = 0
configure:4712: ar cru libconftest.a @conftest.lst >&5
ar: `u' modifier ignored since `D' is the default (see `U')
ar: conftest.o: No such file or directory
configure:4715: $? = 1
configure:4714: result: @
configure:4772: checking for strip
configure:4788: found /usr/bin/strip
configure:4799: result: strip
configure:4871: checking for ranlib
configure:4887: found /usr/bin/ranlib
configure:4898: result: ranlib
configure:4975: checking for gawk
configure:5005: result: no
configure:4975: checking for mawk
configure:4991: found /usr/bin/mawk
configure:5002: result: mawk
configure:5042: checking command to parse /usr/bin/nm -B output from gcc object
configure:5195: gcc -c -g -O2  conftest.c >&5
configure:5198: $? = 0
configure:5202: /usr/bin/nm -B conftest.o \| sed -n -e 's/^.*[ ]\([ABCDGIRSTW][ABCDGIRSTW]*\)[ ][ ]*\([_A-Za-z][_A-Za-z0-9]*\)$/\1 \2 \2/p' | sed '/ __gnu_lto/d' \> conftest.nm
configure:5205: $? = 0
configure:5271: gcc -o conftest -g -O2   conftest.c conftstm.o >&5
configure:5274: $? = 0
configure:5312: result: ok
configure:5359: checking for sysroot
configure:5389: result: no
configure:5396: checking for a working dd
configure:5434: result: /usr/bin/dd
configure:5438: checking how to truncate binary pipes
configure:5453: result: /usr/bin/dd bs=4096 count=1
configure:5589: gcc -c -g -O2  conftest.c >&5
configure:5592: $? = 0
configure:5782: checking for mt
configure:5798: found /usr/bin/mt
configure:5809: result: mt
configure:5832: checking if mt is a manifest tool
configure:5838: mt '-?'
configure:5846: result: no
configure:6523: checking how to run the C preprocessor
configure:6554: gcc -E  conftest.c
configure:6554: $? = 0
configure:6568: gcc -E  conftest.c
conftest.c:9:10: fatal error: ac_nonexistent.h: No such file or directory
    9 | #include <ac_nonexistent.h>
      |          ^~~~~~~~~~~~~~~~~~
compilation terminated.
configure:6568: $? = 1
configure: failed program was:
| /* confdefs.h */
| #define PACKAGE_NAME ""
| #define PACKAGE_TARNAME ""
| #define PACKAGE_VERSION ""
| #define PACKAGE_STRING ""
| #define PACKAGE_BUGREPORT ""
| #define PACKAGE_URL ""
| /* end confdefs.h.  */
| #include <ac_nonexistent.h>
configure:6593: result: gcc -E
configure:6613: gcc -E  conftest.c
configure:6613: $? = 0
configure:6627: gcc -E  conftest.c
conftest.c:9:10: fatal error: ac_nonexistent.h: No such file or directory
    9 | #include <ac_nonexistent.h>
      |          ^~~~~~~~~~~~~~~~~~
compilation terminated.
configure:6627: $? = 1
configure: failed program was:
| /* confdefs.h */
| #define PACKAGE_NAME ""
| #define PACKAGE_TARNAME ""
| #define PACKAGE_VERSION ""
| #define PACKAGE_STRING ""
| #define PACKAGE_BUGREPORT ""
| #define PACKAGE_URL ""
| /* end confdefs.h.  */
| #include <ac_nonexistent.h>
configure:6656: checking for ANSI C header files
configure:6676: gcc -c -g -O2  conftest.c >&5
configure:6676: $? = 0
configure:6749: gcc -o conftest -g -O2   conftest.c  >&5
configure:6749: $? = 0
configure:6749: ./conftest
configure:6749: $? = 0
configure:6760: result: yes
configure:6773: checking for sys/types.h
configure:6773: gcc -c -g -O2  conftest.c >&5
configure:6773: $? = 0
configure:6773: result: yes
configure:6773: checking for sys/stat.h
configure:6773: gcc -c -g -O2  conftest.c >&5
configure:6773: $? = 0
configure:6773: result: yes
configure:6773: checking for stdlib.h
configure:6773: gcc -c -g -O2  conftest.c >&5
configure:6773: $? = 0
configure:6773: result: yes
configure:6773: checking for string.h
configure:6773: gcc -c -g -O2  conftest.c >&5
configure:6773: $? = 0
configure:6773: result: yes
configure:6773: checking for memory.h
configure:6773: gcc -c -g -O2  conftest.c >&5
configure:6773: $? = 0
configure:6773: result: yes
configure:6773: checking for strings.h
configure:6773: gcc -c -g -O2  conftest.c >&5
configure:6773: $? = 0
configure:6773: result: yes
configure:6773: checking for inttypes.h
configure:6773: gcc -c -g -O2  conftest.c >&5
configure:6773: $? = 0
configure:6773: result: yes
configure:6773: checking for stdint.h
configure:6773: gcc -c -g -O2  conftest.c >&5
configure:6773: $? = 0
configure:6773: result: yes
configure:6773: checking for unistd.h
configure:6773: gcc -c -g -O2  conftest.c >&5
configure:6773: $? = 0
configure:6773: result: yes
configure:6787: checking for dlfcn.h
configure:6787: gcc -c -g -O2  conftest.c >&5
configure:6787: $? = 0
configure:6787: result: yes
configure:7043: checking for objdir
configure:7058: result: .libs
configure:7322: checking if gcc supports -fno-rtti -fno-exceptions
configure:7340: gcc -c -g -O2  -fno-rtti -fno-exceptions conftest.c >&5
cc1: warning: command line option '-fno-rtti' is valid for C++/D/ObjC++ but not for C
configure:7344: $? = 0
configure:7357: result: no
configure:7715: checking for gcc option to produce PIC
configure:7722: result: -fPIC -DPIC
configure:7730: checking if gcc PIC flag -fPIC -DPIC works
configure:7748: gcc -c -g -O2  -fPIC -DPIC -DPIC conftest.c >&5
configure:7752: $? = 0
configure:7765: result: yes
configure:7794: checking if gcc static flag -static works
configure:7822: result: yes
configure:7837: checking if gcc supports -c -o file.o
configure:7858: gcc -c -g -O2  -o out/conftest2.o conftest.c >&5
configure:7862: $? = 0
configure:7884: result: yes
configure:7892: checking if gcc supports -c -o file.o
configure:7939: result: yes
configure:7972: checking whether the gcc linker (/usr/bin/ld -m elf_x86_64) supports shared libraries
configure:9235: result: yes
configure:9272: checking whether -lc should be explicitly linked in
configure:9280: gcc -c -g -O2  conftest.c >&5
configure:9283: $? = 0
configure:9298: gcc -shared  -fPIC -DPIC conftest.o  -v -Wl,-soname -Wl,conftest -o conftest 2\>\&1 \| /usr/bin/grep  -lc  \>/dev/null 2\>\&1
configure:9301: $? = 0
configure:9315: result: no
configure:9475: checking dynamic linker characteristics
configure:10056: gcc -o conftest -g -O2   -Wl,-rpath -Wl,/foo conftest.c  >&5
configure:10056: $? = 0
configure:10305: result: GNU/Linux ld.so
configure:10427: checking how to hardcode library paths into programs
configure:10452: result: immediate
configure:11000: checking whether stripping libraries is possible
configure:11005: result: yes
configure:11040: checking if libtool supports shared libraries
configure:11042: result: yes
configure:11045: checking whether to build shared libraries
configure:11070: result: yes
configure:11073: checking whether to build static libraries
configure:11077: result: yes
configure:7895: checking for platform-specific compiler flags
configure:7980: result: none needed
configure:8019: checking whether byte ordering is bigendian
configure:8034: gcc -c -g -O2  conftest.c >&5
conftest.c:23:9: error: unknown type name 'not'
   23 |         not a universal capable compiler
      |         ^~~
conftest.c:23:15: error: expected '=', ',', ';', 'asm' or '__attribute__' before 'universal'
   23 |         not a universal capable compiler
      |               ^~~~~~~~~
conftest.c:23:15: error: unknown type name 'universal'
configure:8034: $? = 1
configure: failed program was:
| /* confdefs.h */
| #define PACKAGE_NAME ""
| #define PACKAGE_TARNAME ""
| #define PACKAGE_VERSION ""
| #define PACKAGE_STRING ""
| #define PACKAGE_BUGREPORT ""
| #define PACKAGE_URL ""
| #define STDC_HEADERS 1
| #define HAVE_SYS_TYPES_H 1
| #define HAVE_SYS_STAT_H 1
| #define HAVE_STDLIB_H 1
| #define HAVE_STRING_H 1
| #define HAVE_MEMORY_H 1
| #define HAVE_STRINGS_H 1
| #define HAVE_INTTYPES_H 1
| #define HAVE_STDINT_H 1
| #define HAVE_UNISTD_H 1
| #define HAVE_DLFCN_H 1
| #define LT_OBJDIR ".libs/"
| #define SYS_LINUX 1
| /* end confdefs.h.  */
| #ifndef __APPLE_CC__
| 	       not a universal capable compiler
| 	     #endif
| 	     typedef int dummy;
| 
configure:8079: gcc -c -g -O2  conftest.c >&5
configure:8079: $? = 0
configure:8097: gcc -c -g -O2  conftest.c >&5
conftest.c: In function 'main':
conftest.c:29:4: error: unknown type name 'not'; did you mean 'ino_t'?
   29 |    not big endian
      |    ^~~
      |    ino_t
conftest.c:29:12: error: expected '=', ',', ';', 'asm' or '__attribute__' before 'endian'
   29 |    not big endian
      |            ^~~~~~
configure:8097: $? = 1
configure: failed program was:
| /* confdefs.h */
| #define PACKAGE_NAME ""
| #define PACKAGE_TARNAME ""
| #define PACKAGE_VERSION ""
| #define PACKAGE_STRING ""
| #define PACKAGE_BUGREPORT ""
| #define PACKAGE_URL ""
| #define STDC_HEADERS 1
| #define HAVE_SYS_TYPES_H 1
| #define HAVE_SYS_STAT_H 1
| #define HAVE_STDLIB_H 1
| #define HAVE_STRING_H 1
| #define HAVE_MEMORY_H 1
| #define HAVE_STRINGS_H 1
| #define HAVE_INTTYPES_H 1
| #define HAVE_STDINT_H 1
| #define HAVE_UNISTD_H 1
| #define HAVE_DLFCN_H 1
| #define LT_OBJDIR ".libs/"
| #define SYS_LINUX 1
| /* end confdefs.h.  */
| #include <sys/types.h>
| 		#include <sys/param.h>
| 
| int
| main ()
| {
| #if BYTE_ORDER != BIG_ENDIAN
| 		 not big endian
| 		#endif
| 
|   ;
|   return 0;
| }
configure:8225: result: no
configure:8245: checking for ANSI C header files
configure:8349: result: yes
configure:8357: checking for sys/wait.h that is POSIX.1 compatible
configure:8383: gcc -c -g -O2  conftest.c >&5
configure:8383: $? = 0
configure:8390: result: yes
configure:8402: checking fcntl.h usability
configure:8402: gcc -c -g -O2  conftest.c >&5
configure:8402: $? = 0
configure:8402: result: yes
configure:8402: checking fcntl.h presence
configure:8402: gcc -E  conftest.c
configure:8402: $? = 0
configure:8402: result: yes
configure:8402: checking for fcntl.h
configure:8402: result: yes
configure:8402: checking sys/ioctl.h usability
configure:8402: gcc -c -g -O2  conftest.c >&5
configure:8402: $? = 0
configure:8402: result: yes
configure:8402: checking sys/ioctl.h presence
configure:8402: gcc -E  conftest.c
configure:8402: $? = 0
configure:8402: result: yes
configure:8402: checking for sys/ioctl.h
configure:8402: result: yes
configure:8402: checking sys/time.h usability
configure:8402: gcc -c -g -O2  conftest.c >&5
configure:8402: $? = 0
configure:8402: result: yes
configure:8402: checking sys/time.h presence
configure:8402: gcc -E  conftest.c
configure:8402: $? = 0
configure:8402: result: yes
configure:8402: checking for sys/time.h
configure:8402: result: yes
configure:8402: checking for unistd.h
configure:8402: result: yes
configure:8402: checking net/if_arp.h usability
configure:8402: gcc -c -g -O2  conftest.c >&5
configure:8402: $? = 0
configure:8402: result: yes
configure:8402: checking net/if_arp.h presence
configure:8402: gcc -E  conftest.c
configure:8402: $? = 0
configure:8402: result: yes
configure:8402: checking for net/if_arp.h
configure:8402: result: yes
configure:8402: checking sys/socket.h usability
configure:8402: gcc -c -g -O2  conftest.c >&5
configure:8402: $? = 0
configure:8402: result: yes
configure:8402: checking sys/socket.h presence
configure:8402: gcc -E  conftest.c
configure:8402: $? = 0
configure:8402: result: yes
configure:8402: checking for sys/socket.h
configure:8402: result: yes
configure:8414: checking that linux/wireless.h is what we expect
configure:8439: gcc -o conftest -g -O2   conftest.c  >&5
configure:8439: $? = 0
configure:8441: result: yes
configure:8459: checking for pcap_open_live in -lpcap
configure:8484: gcc -o conftest -g -O2   conftest.c -lpcap   >&5
configure:8484: $? = 0
configure:8493: result: yes
configure:8504: checking pcap.h usability
configure:8504: gcc -c -g -O2  conftest.c >&5
configure:8504: $? = 0
configure:8504: result: yes
configure:8504: checking pcap.h presence
configure:8504: gcc -E  conftest.c
configure:8504: $? = 0
configure:8504: result: yes
configure:8504: checking for pcap.h
configure:8504: result: yes
configure:8675: checking for pkg-config
configure:8691: found /usr/bin/pkg-config
configure:8703: result: yes
configure:8787: checking for pkg-config
configure:8805: found /usr/bin/pkg-config
configure:8817: result: /usr/bin/pkg-config
configure:8842: checking pkg-config is at least version 0.9.0
configure:8845: result: yes
configure:8855: checking for libnl30
configure:8862: $PKG_CONFIG --exists --print-errors "libnl-3.0"
configure:8865: $? = 0
configure:8879: $PKG_CONFIG --exists --print-errors "libnl-3.0"
configure:8882: $? = 0
configure:8920: result: yes
configure:8926: checking for libnlgenl30
configure:8933: $PKG_CONFIG --exists --print-errors "libnl-genl-3.0"
configure:8936: $? = 0
configure:8950: $PKG_CONFIG --exists --print-errors "libnl-genl-3.0"
configure:8953: $? = 0
configure:8991: result: yes
configure:8997: checking for libnl20
configure:9004: $PKG_CONFIG --exists --print-errors "libnl-2.0"
Package libnl-2.0 was not found in the pkg-config search path.
Perhaps you should add the directory containing `libnl-2.0.pc'
to the PKG_CONFIG_PATH environment variable
Package 'libnl-2.0', required by 'virtual:world', not found
configure:9007: $? = 1
configure:9021: $PKG_CONFIG --exists --print-errors "libnl-2.0"
Package libnl-2.0 was not found in the pkg-config search path.
Perhaps you should add the directory containing `libnl-2.0.pc'
to the PKG_CONFIG_PATH environment variable
Package 'libnl-2.0', required by 'virtual:world', not found
configure:9024: $? = 1
configure:9038: result: no
Package 'libnl-2.0', required by 'virtual:world', not found
configure:9068: checking for libnl1
configure:9075: $PKG_CONFIG --exists --print-errors "libnl-1"
Package libnl-1 was not found in the pkg-config search path.
Perhaps you should add the directory containing `libnl-1.pc'
to the PKG_CONFIG_PATH environment variable
Package 'libnl-1', required by 'virtual:world', not found
configure:9078: $? = 1
configure:9092: $PKG_CONFIG --exists --print-errors "libnl-1"
Package libnl-1 was not found in the pkg-config search path.
Perhaps you should add the directory containing `libnl-1.pc'
to the PKG_CONFIG_PATH environment variable
Package 'libnl-1', required by 'virtual:world', not found
configure:9095: $? = 1
configure:9109: result: no
Package 'libnl-1', required by 'virtual:world', not found
configure:9221: checking For mac80211 support in netlink library
configure:9249: gcc -o conftest -g -O2  -I/usr/include/libnl3   conftest.c  -lpcap -L/usr/lib/x86_64-linux-gnu -lnl-genl-3 -lnl-3  >&5
configure:9249: $? = 0
configure:9266: result: yes
configure:9279: checking for pow in -lm
configure:9304: gcc -o conftest -g -O2   conftest.c -lm   -lpcap >&5
conftest.c:43:6: warning: conflicting types for built-in function 'pow'; expected 'double(double,  double)' [-Wbuiltin-declaration-mismatch]
   43 | char pow ();
      |      ^~~
conftest.c:1:1: note: 'pow' is declared in header '<math.h>'
    1 | /* confdefs.h */
configure:9304: $? = 0
configure:9313: result: yes
configure:9438: creating ./config.status

## ---------------------- ##
## Running config.status. ##
## ---------------------- ##

This file was extended by config.status, which was
generated by GNU Autoconf 2.69.  Invocation command line was

  CONFIG_FILES    = 
  CONFIG_HEADERS  = 
  CONFIG_LINKS    = 
  CONFIG_COMMANDS = 
  $ ./config.status 

on flqu

config.status:1067: creating Makefile
config.status:1067: creating config.h
config.status:1251: executing libtool commands

## ---------------- ##
## Cache variables. ##
## ---------------- ##

ac_cv_build=x86_64-unknown-linux-gnu
ac_cv_c_bigendian=no
ac_cv_c_compiler_gnu=yes
ac_cv_env_CC_set=
ac_cv_env_CC_value=
ac_cv_env_CFLAGS_set=
ac_cv_env_CFLAGS_value=
ac_cv_env_CPPFLAGS_set=
ac_cv_env_CPPFLAGS_value=
ac_cv_env_CPP_set=
ac_cv_env_CPP_value=
ac_cv_env_LDFLAGS_set=
ac_cv_env_LDFLAGS_value=
ac_cv_env_LIBS_set=
ac_cv_env_LIBS_value=
ac_cv_env_LT_SYS_LIBRARY_PATH_set=
ac_cv_env_LT_SYS_LIBRARY_PATH_value=
ac_cv_env_PKG_CONFIG_LIBDIR_set=
ac_cv_env_PKG_CONFIG_LIBDIR_value=
ac_cv_env_PKG_CONFIG_PATH_set=
ac_cv_env_PKG_CONFIG_PATH_value=
ac_cv_env_PKG_CONFIG_set=
ac_cv_env_PKG_CONFIG_value=
ac_cv_env_build_alias_set=
ac_cv_env_build_alias_value=
ac_cv_env_host_alias_set=
ac_cv_env_host_alias_value=
ac_cv_env_libnl1_CFLAGS_set=
ac_cv_env_libnl1_CFLAGS_value=
ac_cv_env_libnl1_LIBS_set=
ac_cv_env_libnl1_LIBS_value=
ac_cv_env_libnl20_CFLAGS_set=
ac_cv_env_libnl20_CFLAGS_value=
ac_cv_env_libnl20_LIBS_set=
ac_cv_env_libnl20_LIBS_value=
ac_cv_env_libnl30_CFLAGS_set=
ac_cv_env_libnl30_CFLAGS_value=
ac_cv_env_libnl30_LIBS_set=
ac_cv_env_libnl30_LIBS_value=
ac_cv_env_libnlgenl30_CFLAGS_set=
ac_cv_env_libnlgenl30_CFLAGS_value=
ac_cv_env_libnlgenl30_LIBS_set=
ac_cv_env_libnlgenl30_LIBS_value=
ac_cv_env_target_alias_set=
ac_cv_env_target_alias_value=
ac_cv_header_dlfcn_h=yes
ac_cv_header_fcntl_h=yes
ac_cv_header_inttypes_h=yes
ac_cv_header_memory_h=yes
ac_cv_header_net_if_arp_h=yes
ac_cv_header_pcap_h=yes
ac_cv_header_stdc=yes
ac_cv_header_stdint_h=yes
ac_cv_header_stdlib_h=yes
ac_cv_header_string_h=yes
ac_cv_header_strings_h=yes
ac_cv_header_sys_ioctl_h=yes
ac_cv_header_sys_socket_h=yes
ac_cv_header_sys_stat_h=yes
ac_cv_header_sys_time_h=yes
ac_cv_header_sys_types_h=yes
ac_cv_header_sys_wait_h=yes
ac_cv_header_unistd_h=yes
ac_cv_host=x86_64-unknown-linux-gnu
ac_cv_lib_m_pow=yes
ac_cv_lib_pcap_pcap_open_live=yes
ac_cv_objext=o
ac_cv_path_EGREP='/usr/bin/grep -E'
ac_cv_path_FGREP='/usr/bin/grep -F'
ac_cv_path_GREP=/usr/bin/grep
ac_cv_path_SED=/usr/bin/sed
ac_cv_path_ac_pt_PKG_CONFIG=/usr/bin/pkg-config
ac_cv_path_lt_DD=/usr/bin/dd
ac_cv_prog_AWK=mawk
ac_cv_prog_CPP='gcc -E'
ac_cv_prog_ac_ct_AR=ar
ac_cv_prog_ac_ct_CC=gcc
ac_cv_prog_ac_ct_MANIFEST_TOOL=mt
ac_cv_prog_ac_ct_OBJDUMP=objdump
ac_cv_prog_ac_ct_RANLIB=ranlib
ac_cv_prog_ac_ct_STRIP=strip
ac_cv_prog_cc_c89=
ac_cv_prog_cc_g=yes
ac_cv_prog_havepkgconfig=yes
lt_cv_ar_at_file=@
lt_cv_archive_cmds_need_lc=no
lt_cv_deplibs_check_method=pass_all
lt_cv_file_magic_cmd='$MAGIC_CMD'
lt_cv_file_magic_test_file=
lt_cv_ld_reload_flag=-r
lt_cv_nm_interface='BSD nm'
lt_cv_objdir=.libs
lt_cv_path_LD=/usr/bin/ld
lt_cv_path_NM='/usr/bin/nm -B'
lt_cv_path_mainfest_tool=no
lt_cv_prog_compiler_c_o=yes
lt_cv_prog_compiler_pic='-fPIC -DPIC'
lt_cv_prog_compiler_pic_works=yes
lt_cv_prog_compiler_rtti_exceptions=no
lt_cv_prog_compiler_static_works=yes
lt_cv_prog_gnu_ld=yes
lt_cv_sharedlib_from_linklib_cmd='printf %s\n'
lt_cv_shlibpath_overrides_runpath=yes
lt_cv_sys_global_symbol_pipe='sed -n -e '\''s/^.*[	 ]\([ABCDGIRSTW][ABCDGIRSTW]*\)[	 ][	 ]*\([_A-Za-z][_A-Za-z0-9]*\)$/\1 \2 \2/p'\'' | sed '\''/ __gnu_lto/d'\'''
lt_cv_sys_global_symbol_to_c_name_address='sed -n -e '\''s/^: \(.*\) .*$/  {"\1", (void *) 0},/p'\'' -e '\''s/^[ABCDGIRSTW][ABCDGIRSTW]* .* \(.*\)$/  {"\1", (void *) \&\1},/p'\'''
lt_cv_sys_global_symbol_to_c_name_address_lib_prefix='sed -n -e '\''s/^: \(.*\) .*$/  {"\1", (void *) 0},/p'\'' -e '\''s/^[ABCDGIRSTW][ABCDGIRSTW]* .* \(lib.*\)$/  {"\1", (void *) \&\1},/p'\'' -e '\''s/^[ABCDGIRSTW][ABCDGIRSTW]* .* \(.*\)$/  {"lib\1", (void *) \&\1},/p'\'''
lt_cv_sys_global_symbol_to_cdecl='sed -n -e '\''s/^T .* \(.*\)$/extern int \1();/p'\'' -e '\''s/^[ABCDGIRSTW][ABCDGIRSTW]* .* \(.*\)$/extern char \1;/p'\'''
lt_cv_sys_global_symbol_to_import=
lt_cv_sys_max_cmd_len=1572864
lt_cv_to_host_file_cmd=func_convert_file_noop
lt_cv_to_tool_file_cmd=func_convert_file_noop
lt_cv_truncate_bin='/usr/bin/dd bs=4096 count=1'
pkg_cv_libnl30_CFLAGS='-I/usr/include/libnl3 '
pkg_cv_libnl30_LIBS='-L/usr/lib/x86_64-linux-gnu -lnl-3 '
pkg_cv_libnlgenl30_CFLAGS='-I/usr/include/libnl3 '
pkg_cv_libnlgenl30_LIBS='-L/usr/lib/x86_64-linux-gnu -lnl-genl-3 -lnl-3 '

## ----------------- ##
## Output variables. ##
## ----------------- ##

AR='ar'
AWK='mawk'
CC='gcc'
CFLAGS=' -DHAVE_CONFIG_H -g -O2'
CPP='gcc -E'
CPPFLAGS=''
DEFS='-DHAVE_CONFIG_H'
DLLTOOL='false'
DSYMUTIL=''
DUMPBIN=''
ECHO_C=''
ECHO_N='-n'
ECHO_T=''
EGREP='/usr/bin/grep -E'
EXEEXT=''
FGREP='/usr/bin/grep -F'
GREP='/usr/bin/grep'
LD='/usr/bin/ld -m elf_x86_64'
LDFLAGS=''
LIBOBJS=''
LIBS=' -lpcap -lm'
LIBTOOL='$(SHELL) $(top_builddir)/libtool'
LIPO=''
LN_S='ln -s'
LTLIBOBJS=''
LT_SYS_LIBRARY_PATH=''
MANIFEST_TOOL=':'
NLCFLAGS='-I/usr/include/libnl3 '
NLLIBS='-L/usr/lib/x86_64-linux-gnu -lnl-genl-3 -lnl-3 '
NM='/usr/bin/nm -B'
NMEDIT=''
OBJDUMP='objdump'
OBJEXT='o'
OTOOL64=''
OTOOL=''
PACKAGE_BUGREPORT=''
PACKAGE_NAME=''
PACKAGE_STRING=''
PACKAGE_TARNAME=''
PACKAGE_URL=''
PACKAGE_VERSION=''
PATH_SEPARATOR=':'
PKG_CONFIG='/usr/bin/pkg-config'
PKG_CONFIG_LIBDIR=''
PKG_CONFIG_PATH=''
RANLIB='ranlib'
SED='/usr/bin/sed'
SHELL='/bin/bash'
STRIP='strip'
ac_ct_AR='ar'
ac_ct_CC='gcc'
ac_ct_DUMPBIN=''
bindir='${exec_prefix}/bin'
build='x86_64-unknown-linux-gnu'
build_alias=''
build_cpu='x86_64'
build_os='linux-gnu'
build_vendor='unknown'
datadir='${datarootdir}'
datarootdir='${prefix}/share'
docdir='${datarootdir}/doc/${PACKAGE}'
dvidir='${docdir}'
exec_prefix='${prefix}'
havepkgconfig='yes'
host='x86_64-unknown-linux-gnu'
host_alias=''
host_cpu='x86_64'
host_os='linux-gnu'
host_vendor='unknown'
htmldir='${docdir}'
includedir='${prefix}/include'
infodir='${datarootdir}/info'
libdir='${exec_prefix}/lib'
libexecdir='${exec_prefix}/libexec'
libnl1_CFLAGS=''
libnl1_LIBS=''
libnl20_CFLAGS=''
libnl20_LIBS=''
libnl30_CFLAGS='-I/usr/include/libnl3 '
libnl30_LIBS='-L/usr/lib/x86_64-linux-gnu -lnl-3 '
libnlgenl30_CFLAGS='-I/usr/include/libnl3 '
libnlgenl30_LIBS='-L/usr/lib/x86_64-linux-gnu -lnl-genl-3 -lnl-3 '
localedir='${datarootdir}/locale'
localstatedir='${prefix}/var'
mandir='${datarootdir}/man'
oldincludedir='/usr/include'
pdfdir='${docdir}'
prefix='/usr/local'
program_transform_name='s,x,x,'
psdir='${docdir}'
runstatedir='${localstatedir}/run'
sbindir='${exec_prefix}/sbin'
sharedstatedir='${prefix}/com'
sysconfdir='${prefix}/etc'
target_alias=''

## ----------- ##
## confdefs.h. ##
## ----------- ##

/* confdefs.h */
#define PACKAGE_NAME ""
#define PACKAGE_TARNAME ""
#define PACKAGE_VERSION ""
#define PACKAGE_STRING ""
#define PACKAGE_BUGREPORT ""
#define PACKAGE_URL ""
#define STDC_HEADERS 1
#define HAVE_SYS_TYPES_H 1
#define HAVE_SYS_STAT_H 1
#define HAVE_STDLIB_H 1
#define HAVE_STRING_H 1
#define HAVE_MEMORY_H 1
#define HAVE_STRINGS_H 1
#define HAVE_INTTYPES_H 1
#define HAVE_STDINT_H 1
#define HAVE_UNISTD_H 1
#define HAVE_DLFCN_H 1
#define LT_OBJDIR ".libs/"
#define SYS_LINUX 1
#define STDC_HEADERS 1
#define HAVE_SYS_WAIT_H 1
#define HAVE_FCNTL_H 1
#define HAVE_SYS_IOCTL_H 1
#define HAVE_SYS_TIME_H 1
#define HAVE_UNISTD_H 1
#define HAVE_NET_IF_ARP_H 1
#define HAVE_SYS_SOCKET_H 1
#define HAVE_LINUX_WIRELESS 1
#define HAVE_LIBPCAP 1
#define HAVE_PCAP_H 1
#define HAVE_LIBNL 1
#define HAVE_LIBNL30 1
#define HAVE_LINUX_NETLINK 1
#define HAVE_LIBM 1

configure: exit 0
